<?xml version="1.0" encoding="UTF-8"?>
<!-- Generated by org.testng.reporters.JUnitXMLReporter -->
<testsuite hostname="DESKTOP-U4VS8FJ" ignored="0" name="Test" tests="4" failures="0" timestamp="2020-04-07T20:46:04 IST" time="0.167" errors="0">
  <testcase name="testCase1" time="0.015" classname="mavensampleproject.Selenium3Test"/>
  <testcase name="testCase2" time="0.0" classname="mavensampleproject.Selenium3Test"/>
  <testcase name="demoTest1" time="0.001" classname="mavensampleproject.Selenium2Test"/>
  <testcase name="demoTest2" time="0.005" classname="mavensampleproject.Selenium2Test"/>
</testsuite> <!-- Test -->
